<?xml version="1.0" encoding="UTF-8"?>
<coverage generated="1426158791">
  <project timestamp="1426158791">
    <package name="Kemist\Http">
      <file name="C:\!work\!framework\my_packages\http\src\Http/AbstractMessage.php">
        <class name="AbstractMessage" namespace="Kemist\Http" fullPackage="Kemist" package="Kemist">
          <metrics methods="12" coveredmethods="11" conditionals="0" coveredconditionals="0" statements="57" coveredstatements="53" elements="69" coveredelements="64"/>
        </class>
        <line num="42" type="method" name="getProtocolVersion" crap="1" count="4"/>
        <line num="43" type="stmt" count="4"/>
        <line num="59" type="method" name="withProtocolVersion" crap="1" count="1"/>
        <line num="60" type="stmt" count="1"/>
        <line num="61" type="stmt" count="1"/>
        <line num="62" type="stmt" count="1"/>
        <line num="89" type="method" name="getHeaders" crap="1" count="2"/>
        <line num="90" type="stmt" count="2"/>
        <line num="101" type="method" name="hasHeader" crap="1" count="68"/>
        <line num="102" type="stmt" count="68"/>
        <line num="119" type="method" name="getHeader" crap="1" count="23"/>
        <line num="120" type="stmt" count="23"/>
        <line num="121" type="stmt" count="23"/>
        <line num="130" type="method" name="getHeaderLines" crap="3" count="30"/>
        <line num="131" type="stmt" count="30"/>
        <line num="132" type="stmt" count="30"/>
        <line num="133" type="stmt" count="11"/>
        <line num="135" type="stmt" count="26"/>
        <line num="154" type="method" name="withHeader" crap="7" count="30"/>
        <line num="155" type="stmt" count="30"/>
        <line num="156" type="stmt" count="29"/>
        <line num="157" type="stmt" count="30"/>
        <line num="158" type="stmt" count="1"/>
        <line num="160" type="stmt" count="29"/>
        <line num="161" type="stmt" count="29"/>
        <line num="162" type="stmt" count="17"/>
        <line num="163" type="stmt" count="17"/>
        <line num="164" type="stmt" count="29"/>
        <line num="165" type="stmt" count="29"/>
        <line num="185" type="method" name="withAddedHeader" crap="5" count="8"/>
        <line num="186" type="stmt" count="8"/>
        <line num="187" type="stmt" count="7"/>
        <line num="188" type="stmt" count="8"/>
        <line num="189" type="stmt" count="1"/>
        <line num="191" type="stmt" count="7"/>
        <line num="193" type="stmt" count="7"/>
        <line num="194" type="stmt" count="6"/>
        <line num="196" type="stmt" count="2"/>
        <line num="197" type="stmt" count="2"/>
        <line num="198" type="stmt" count="2"/>
        <line num="213" type="method" name="withoutHeader" crap="2" count="3"/>
        <line num="214" type="stmt" count="3"/>
        <line num="215" type="stmt" count="1"/>
        <line num="217" type="stmt" count="2"/>
        <line num="218" type="stmt" count="2"/>
        <line num="219" type="stmt" count="2"/>
        <line num="227" type="method" name="getBody" crap="1" count="14"/>
        <line num="228" type="stmt" count="14"/>
        <line num="244" type="method" name="withBody" crap="1" count="4"/>
        <line num="245" type="stmt" count="4"/>
        <line num="246" type="stmt" count="4"/>
        <line num="247" type="stmt" count="4"/>
        <line num="256" type="method" name="_buildHeaders" crap="7.77" count="76"/>
        <line num="257" type="stmt" count="76"/>
        <line num="258" type="stmt" count="76"/>
        <line num="259" type="stmt" count="8"/>
        <line num="260" type="stmt" count="0"/>
        <line num="262" type="stmt" count="8"/>
        <line num="263" type="stmt" count="8"/>
        <line num="264" type="stmt" count="0"/>
        <line num="267" type="stmt" count="8"/>
        <line num="268" type="stmt" count="8"/>
        <line num="269" type="stmt" count="8"/>
        <line num="271" type="stmt" count="8"/>
        <line num="272" type="stmt" count="0"/>
        <line num="273" type="stmt" count="0"/>
        <line num="274" type="stmt" count="8"/>
        <line num="276" type="stmt" count="76"/>
        <line num="278" type="stmt" count="76"/>
        <metrics loc="281" ncloc="121" classes="1" methods="12" coveredmethods="11" conditionals="0" coveredconditionals="0" statements="57" coveredstatements="53" elements="69" coveredelements="64"/>
      </file>
      <file name="C:\!work\!framework\my_packages\http\src\Http/Request.php">
        <class name="Request" namespace="Kemist\Http" fullPackage="Kemist" package="Kemist">
          <metrics methods="9" coveredmethods="9" conditionals="0" coveredconditionals="0" statements="45" coveredstatements="45" elements="54" coveredelements="54"/>
        </class>
        <line num="64" type="method" name="__construct" crap="9" count="56"/>
        <line num="65" type="stmt" count="56"/>
        <line num="66" type="stmt" count="1"/>
        <line num="69" type="stmt" count="55"/>
        <line num="70" type="stmt" count="1"/>
        <line num="73" type="stmt" count="54"/>
        <line num="74" type="stmt" count="54"/>
        <line num="75" type="stmt" count="54"/>
        <line num="76" type="stmt" count="54"/>
        <line num="77" type="stmt" count="54"/>
        <line num="79" type="stmt" count="54"/>
        <line num="80" type="stmt" count="47"/>
        <line num="81" type="stmt" count="47"/>
        <line num="82" type="stmt" count="47"/>
        <line num="83" type="stmt" count="54"/>
        <line num="101" type="method" name="getRequestTarget" crap="4" count="5"/>
        <line num="102" type="stmt" count="5"/>
        <line num="103" type="stmt" count="1"/>
        <line num="105" type="stmt" count="4"/>
        <line num="106" type="stmt" count="1"/>
        <line num="109" type="stmt" count="3"/>
        <line num="110" type="stmt" count="3"/>
        <line num="111" type="stmt" count="1"/>
        <line num="112" type="stmt" count="1"/>
        <line num="113" type="stmt" count="3"/>
        <line num="133" type="method" name="withRequestTarget" crap="1" count="1"/>
        <line num="134" type="stmt" count="1"/>
        <line num="135" type="stmt" count="1"/>
        <line num="136" type="stmt" count="1"/>
        <line num="144" type="method" name="getMethod" crap="1" count="6"/>
        <line num="145" type="stmt" count="6"/>
        <line num="163" type="method" name="withMethod" crap="2" count="2"/>
        <line num="164" type="stmt" count="2"/>
        <line num="165" type="stmt" count="1"/>
        <line num="167" type="stmt" count="1"/>
        <line num="168" type="stmt" count="1"/>
        <line num="169" type="stmt" count="1"/>
        <line num="181" type="method" name="getUri" crap="1" count="49"/>
        <line num="182" type="stmt" count="49"/>
        <line num="196" type="method" name="withUri" crap="1" count="3"/>
        <line num="197" type="stmt" count="3"/>
        <line num="198" type="stmt" count="3"/>
        <line num="199" type="stmt" count="3"/>
        <line num="200" type="stmt" count="3"/>
        <line num="209" type="method" name="_isMethodValid" crap="1" count="56"/>
        <line num="210" type="stmt" count="56"/>
        <line num="218" type="method" name="getRawMessage" crap="2" count="1"/>
        <line num="219" type="stmt" count="1"/>
        <line num="221" type="stmt" count="1"/>
        <line num="222" type="stmt" count="1"/>
        <line num="223" type="stmt" count="1"/>
        <line num="224" type="stmt" count="1"/>
        <line num="225" type="stmt" count="1"/>
        <line num="226" type="stmt" count="1"/>
        <metrics loc="229" ncloc="111" classes="1" methods="9" coveredmethods="9" conditionals="0" coveredconditionals="0" statements="45" coveredstatements="45" elements="54" coveredelements="54"/>
      </file>
      <file name="C:\!work\!framework\my_packages\http\src\Http/Response.php">
        <class name="Response" namespace="Kemist\Http" fullPackage="Kemist" package="Kemist">
          <metrics methods="19" coveredmethods="19" conditionals="0" coveredconditionals="0" statements="72" coveredstatements="72" elements="91" coveredelements="91"/>
        </class>
        <line num="92" type="method" name="__construct" crap="3" count="44"/>
        <line num="93" type="stmt" count="44"/>
        <line num="94" type="stmt" count="1"/>
        <line num="97" type="stmt" count="43"/>
        <line num="98" type="stmt" count="43"/>
        <line num="99" type="stmt" count="43"/>
        <line num="100" type="stmt" count="43"/>
        <line num="101" type="stmt" count="43"/>
        <line num="102" type="stmt" count="43"/>
        <line num="112" type="method" name="getStatusCode" crap="1" count="17"/>
        <line num="113" type="stmt" count="17"/>
        <line num="137" type="method" name="withStatus" crap="3" count="8"/>
        <line num="138" type="stmt" count="8"/>
        <line num="139" type="stmt" count="1"/>
        <line num="141" type="stmt" count="7"/>
        <line num="142" type="stmt" count="7"/>
        <line num="143" type="stmt" count="7"/>
        <line num="144" type="stmt" count="7"/>
        <line num="160" type="method" name="getReasonPhrase" crap="1" count="2"/>
        <line num="161" type="stmt" count="2"/>
        <line num="170" type="method" name="_isStatusCodeValid" crap="1" count="44"/>
        <line num="171" type="stmt" count="44"/>
        <line num="179" type="method" name="getRawMessage" crap="4" count="1"/>
        <line num="180" type="stmt" count="1"/>
        <line num="181" type="stmt" count="1"/>
        <line num="182" type="stmt" count="1"/>
        <line num="183" type="stmt" count="1"/>
        <line num="184" type="stmt" count="1"/>
        <line num="185" type="stmt" count="1"/>
        <line num="186" type="stmt" count="1"/>
        <line num="187" type="stmt" count="1"/>
        <line num="188" type="stmt" count="1"/>
        <line num="190" type="stmt" count="1"/>
        <line num="191" type="stmt" count="1"/>
        <line num="192" type="stmt" count="1"/>
        <line num="208" type="method" name="withCookie" crap="8" count="5"/>
        <line num="209" type="stmt" count="5"/>
        <line num="210" type="stmt" count="1"/>
        <line num="211" type="stmt" count="1"/>
        <line num="212" type="stmt" count="1"/>
        <line num="214" type="stmt" count="5"/>
        <line num="215" type="stmt" count="5"/>
        <line num="216" type="stmt" count="5"/>
        <line num="217" type="stmt" count="5"/>
        <line num="218" type="stmt" count="5"/>
        <line num="219" type="stmt" count="5"/>
        <line num="220" type="stmt" count="5"/>
        <line num="234" type="method" name="withRemovedCookie" crap="1" count="1"/>
        <line num="235" type="stmt" count="1"/>
        <line num="245" type="method" name="withoutCookie" crap="5" count="2"/>
        <line num="246" type="stmt" count="2"/>
        <line num="247" type="stmt" count="1"/>
        <line num="249" type="stmt" count="1"/>
        <line num="250" type="stmt" count="1"/>
        <line num="251" type="stmt" count="1"/>
        <line num="252" type="stmt" count="1"/>
        <line num="253" type="stmt" count="1"/>
        <line num="254" type="stmt" count="1"/>
        <line num="255" type="stmt" count="1"/>
        <line num="256" type="stmt" count="1"/>
        <line num="266" type="method" name="hasCookie" crap="3" count="2"/>
        <line num="267" type="stmt" count="2"/>
        <line num="268" type="stmt" count="2"/>
        <line num="269" type="stmt" count="1"/>
        <line num="270" type="stmt" count="1"/>
        <line num="271" type="stmt" count="1"/>
        <line num="273" type="stmt" count="1"/>
        <line num="274" type="stmt" count="1"/>
        <line num="282" type="method" name="isInformational" crap="2" count="1"/>
        <line num="283" type="stmt" count="1"/>
        <line num="284" type="stmt" count="1"/>
        <line num="292" type="method" name="isOk" crap="1" count="1"/>
        <line num="293" type="stmt" count="1"/>
        <line num="301" type="method" name="isSuccessful" crap="2" count="1"/>
        <line num="302" type="stmt" count="1"/>
        <line num="303" type="stmt" count="1"/>
        <line num="311" type="method" name="isRedirect" crap="1" count="4"/>
        <line num="312" type="stmt" count="4"/>
        <line num="320" type="method" name="isRedirection" crap="2" count="1"/>
        <line num="321" type="stmt" count="1"/>
        <line num="322" type="stmt" count="1"/>
        <line num="330" type="method" name="isForbidden" crap="1" count="1"/>
        <line num="331" type="stmt" count="1"/>
        <line num="339" type="method" name="isNotFound" crap="1" count="1"/>
        <line num="340" type="stmt" count="1"/>
        <line num="348" type="method" name="isClientError" crap="2" count="1"/>
        <line num="349" type="stmt" count="1"/>
        <line num="350" type="stmt" count="1"/>
        <line num="358" type="method" name="isServerError" crap="2" count="1"/>
        <line num="359" type="stmt" count="1"/>
        <line num="360" type="stmt" count="1"/>
        <metrics loc="363" ncloc="189" classes="1" methods="19" coveredmethods="19" conditionals="0" coveredconditionals="0" statements="72" coveredstatements="72" elements="91" coveredelements="91"/>
      </file>
      <file name="C:\!work\!framework\my_packages\http\src\Http/Uri.php">
        <class name="Uri" namespace="Kemist\Http" fullPackage="Kemist" package="Kemist">
          <metrics methods="19" coveredmethods="19" conditionals="0" coveredconditionals="0" statements="77" coveredstatements="77" elements="96" coveredelements="96"/>
        </class>
        <line num="63" type="method" name="__construct" crap="1" count="77"/>
        <line num="64" type="stmt" count="77"/>
        <line num="65" type="stmt" count="77"/>
        <line num="79" type="method" name="getScheme" crap="1" count="5"/>
        <line num="80" type="stmt" count="5"/>
        <line num="101" type="method" name="getAuthority" crap="3" count="4"/>
        <line num="102" type="stmt" count="4"/>
        <line num="117" type="method" name="getUserInfo" crap="1" count="2"/>
        <line num="118" type="stmt" count="2"/>
        <line num="129" type="method" name="getHost" crap="1" count="53"/>
        <line num="130" type="stmt" count="53"/>
        <line num="148" type="method" name="getPort" crap="3" count="7"/>
        <line num="149" type="stmt" count="7"/>
        <line num="150" type="stmt" count="2"/>
        <line num="153" type="stmt" count="5"/>
        <line num="164" type="method" name="getPath" crap="1" count="8"/>
        <line num="165" type="stmt" count="8"/>
        <line num="178" type="method" name="getQuery" crap="2" count="36"/>
        <line num="179" type="stmt" count="36"/>
        <line num="192" type="method" name="getFragment" crap="1" count="3"/>
        <line num="193" type="stmt" count="3"/>
        <line num="212" type="method" name="withScheme" crap="3" count="4"/>
        <line num="213" type="stmt" count="4"/>
        <line num="214" type="stmt" count="4"/>
        <line num="215" type="stmt" count="2"/>
        <line num="216" type="stmt" count="2"/>
        <line num="218" type="stmt" count="4"/>
        <line num="219" type="stmt" count="1"/>
        <line num="221" type="stmt" count="3"/>
        <line num="222" type="stmt" count="3"/>
        <line num="223" type="stmt" count="3"/>
        <line num="240" type="method" name="withUserInfo" crap="2" count="1"/>
        <line num="241" type="stmt" count="1"/>
        <line num="242" type="stmt" count="1"/>
        <line num="243" type="stmt" count="1"/>
        <line num="244" type="stmt" count="1"/>
        <line num="259" type="method" name="withHost" crap="3" count="3"/>
        <line num="260" type="stmt" count="3"/>
        <line num="261" type="stmt" count="3"/>
        <line num="262" type="stmt" count="1"/>
        <line num="264" type="stmt" count="2"/>
        <line num="265" type="stmt" count="2"/>
        <line num="266" type="stmt" count="2"/>
        <line num="286" type="method" name="withPort" crap="4" count="3"/>
        <line num="287" type="stmt" count="3"/>
        <line num="288" type="stmt" count="1"/>
        <line num="290" type="stmt" count="2"/>
        <line num="291" type="stmt" count="2"/>
        <line num="292" type="stmt" count="2"/>
        <line num="310" type="method" name="withPath" crap="4" count="4"/>
        <line num="311" type="stmt" count="4"/>
        <line num="312" type="stmt" count="1"/>
        <line num="314" type="stmt" count="3"/>
        <line num="315" type="stmt" count="1"/>
        <line num="316" type="stmt" count="1"/>
        <line num="317" type="stmt" count="3"/>
        <line num="318" type="stmt" count="3"/>
        <line num="319" type="stmt" count="3"/>
        <line num="338" type="method" name="withQuery" crap="2" count="3"/>
        <line num="339" type="stmt" count="3"/>
        <line num="340" type="stmt" count="3"/>
        <line num="341" type="stmt" count="1"/>
        <line num="342" type="stmt" count="1"/>
        <line num="343" type="stmt" count="3"/>
        <line num="344" type="stmt" count="3"/>
        <line num="345" type="stmt" count="3"/>
        <line num="361" type="method" name="withFragment" crap="2" count="2"/>
        <line num="362" type="stmt" count="2"/>
        <line num="363" type="stmt" count="2"/>
        <line num="364" type="stmt" count="1"/>
        <line num="365" type="stmt" count="1"/>
        <line num="366" type="stmt" count="2"/>
        <line num="367" type="stmt" count="2"/>
        <line num="368" type="stmt" count="2"/>
        <line num="386" type="method" name="__toString" crap="4" count="3"/>
        <line num="387" type="stmt" count="3"/>
        <line num="388" type="stmt" count="3"/>
        <line num="389" type="stmt" count="3"/>
        <line num="390" type="stmt" count="3"/>
        <line num="391" type="stmt" count="3"/>
        <line num="392" type="stmt" count="3"/>
        <line num="399" type="method" name="_parse" crap="9" count="77"/>
        <line num="400" type="stmt" count="77"/>
        <line num="401" type="stmt" count="77"/>
        <line num="402" type="stmt" count="77"/>
        <line num="403" type="stmt" count="77"/>
        <line num="404" type="stmt" count="77"/>
        <line num="405" type="stmt" count="77"/>
        <line num="406" type="stmt" count="77"/>
        <line num="407" type="stmt" count="77"/>
        <line num="408" type="stmt" count="77"/>
        <line num="409" type="stmt" count="77"/>
        <line num="415" type="method" name="_isStandardPort" crap="4" count="5"/>
        <line num="416" type="stmt" count="5"/>
        <line num="417" type="stmt" count="5"/>
        <line num="418" type="stmt" count="5"/>
        <metrics loc="421" ncloc="162" classes="1" methods="19" coveredmethods="19" conditionals="0" coveredconditionals="0" statements="77" coveredstatements="77" elements="96" coveredelements="96"/>
      </file>
    </package>
    <package name="Kemist\Http\Client">
      <file name="C:\!work\!framework\my_packages\http\src\Http/Client/AbstractClient.php">
        <class name="AbstractClient" namespace="Kemist\Http\Client" fullPackage="Kemist" package="Kemist">
          <metrics methods="5" coveredmethods="1" conditionals="0" coveredconditionals="0" statements="63" coveredstatements="57" elements="68" coveredelements="58"/>
        </class>
        <line num="50" type="method" name="__construct" crap="1" count="15"/>
        <line num="51" type="stmt" count="15"/>
        <line num="52" type="stmt" count="15"/>
        <line num="67" type="method" name="followRedirection" crap="5.02" count="3"/>
        <line num="68" type="stmt" count="3"/>
        <line num="69" type="stmt" count="1"/>
        <line num="70" type="stmt" count="1"/>
        <line num="73" type="stmt" count="2"/>
        <line num="74" type="stmt" count="0"/>
        <line num="77" type="stmt" count="2"/>
        <line num="78" type="stmt" count="1"/>
        <line num="81" type="stmt" count="1"/>
        <line num="83" type="stmt" count="1"/>
        <line num="84" type="stmt" count="1"/>
        <line num="85" type="stmt" count="1"/>
        <line num="92" type="method" name="getRedirections" crap="2" count="0"/>
        <line num="93" type="stmt" count="0"/>
        <line num="103" type="method" name="setRequestCookies" crap="19.09" count="12"/>
        <line num="104" type="stmt" count="12"/>
        <line num="105" type="stmt" count="0"/>
        <line num="107" type="stmt" count="12"/>
        <line num="108" type="stmt" count="12"/>
        <line num="109" type="stmt" count="1"/>
        <line num="111" type="stmt" count="11"/>
        <line num="112" type="stmt" count="11"/>
        <line num="113" type="stmt" count="11"/>
        <line num="114" type="stmt" count="11"/>
        <line num="115" type="stmt" count="11"/>
        <line num="116" type="stmt" count="11"/>
        <line num="117" type="stmt" count="11"/>
        <line num="118" type="stmt" count="11"/>
        <line num="119" type="stmt" count="11"/>
        <line num="120" type="stmt" count="0"/>
        <line num="121" type="stmt" count="0"/>
        <line num="122" type="stmt" count="11"/>
        <line num="123" type="stmt" count="10"/>
        <line num="125" type="stmt" count="10"/>
        <line num="126" type="stmt" count="10"/>
        <line num="127" type="stmt" count="10"/>
        <line num="129" type="stmt" count="10"/>
        <line num="130" type="stmt" count="2"/>
        <line num="131" type="stmt" count="2"/>
        <line num="132" type="stmt" count="1"/>
        <line num="134" type="stmt" count="1"/>
        <line num="135" type="stmt" count="8"/>
        <line num="137" type="stmt" count="3"/>
        <line num="138" type="stmt" count="3"/>
        <line num="139" type="stmt" count="2"/>
        <line num="140" type="stmt" count="3"/>
        <line num="141" type="stmt" count="1"/>
        <line num="143" type="stmt" count="2"/>
        <line num="144" type="stmt" count="5"/>
        <line num="145" type="stmt" count="3"/>
        <line num="146" type="stmt" count="1"/>
        <line num="148" type="stmt" count="2"/>
        <line num="149" type="stmt" count="2"/>
        <line num="150" type="stmt" count="2"/>
        <line num="151" type="stmt" count="1"/>
        <line num="153" type="stmt" count="1"/>
        <line num="155" type="stmt" count="7"/>
        <line num="156" type="stmt" count="7"/>
        <line num="157" type="stmt" count="11"/>
        <line num="159" type="stmt" count="11"/>
        <line num="160" type="stmt" count="7"/>
        <line num="161" type="stmt" count="7"/>
        <line num="162" type="stmt" count="11"/>
        <line num="170" type="method" name="getLastRequest" crap="2" count="0"/>
        <line num="171" type="stmt" count="0"/>
        <metrics loc="174" ncloc="123" classes="1" methods="5" coveredmethods="1" conditionals="0" coveredconditionals="0" statements="63" coveredstatements="57" elements="68" coveredelements="58"/>
      </file>
    </package>
    <package name="Kemist\Http\Server">
      <file name="C:\!work\!framework\my_packages\http\src\Http/Server/AbstractMiddleware.php">
        <class name="AbstractMiddleware" namespace="Kemist\Http\Server" fullPackage="Kemist" package="Kemist">
          <metrics methods="2" coveredmethods="1" conditionals="0" coveredconditionals="0" statements="6" coveredstatements="5" elements="8" coveredelements="6"/>
        </class>
        <line num="23" type="method" name="next" crap="2.03" count="3"/>
        <line num="24" type="stmt" count="3"/>
        <line num="25" type="stmt" count="3"/>
        <line num="26" type="stmt" count="3"/>
        <line num="27" type="stmt" count="0"/>
        <line num="29" type="stmt" count="3"/>
        <line num="41" type="method" name="__invoke" crap="1" count="3"/>
        <line num="42" type="stmt" count="3"/>
        <metrics loc="52" ncloc="23" classes="1" methods="2" coveredmethods="1" conditionals="0" coveredconditionals="0" statements="6" coveredstatements="5" elements="8" coveredelements="6"/>
      </file>
      <file name="C:\!work\!framework\my_packages\http\src\Http/Server/IsNotModifiedMiddleware.php">
        <class name="IsNotModifiedMiddleware" namespace="Kemist\Http\Server" fullPackage="Kemist" package="Kemist">
          <metrics methods="1" coveredmethods="0" conditionals="0" coveredconditionals="0" statements="24" coveredstatements="22" elements="25" coveredelements="22"/>
        </class>
        <line num="24" type="method" name="process" crap="10.06" count="3"/>
        <line num="25" type="stmt" count="3"/>
        <line num="26" type="stmt" count="0"/>
        <line num="29" type="stmt" count="3"/>
        <line num="30" type="stmt" count="3"/>
        <line num="32" type="stmt" count="3"/>
        <line num="33" type="stmt" count="2"/>
        <line num="34" type="stmt" count="0"/>
        <line num="35" type="stmt" count="2"/>
        <line num="36" type="stmt" count="2"/>
        <line num="37" type="stmt" count="2"/>
        <line num="38" type="stmt" count="3"/>
        <line num="39" type="stmt" count="1"/>
        <line num="40" type="stmt" count="1"/>
        <line num="42" type="stmt" count="3"/>
        <line num="43" type="stmt" count="3"/>
        <line num="44" type="stmt" count="3"/>
        <line num="45" type="stmt" count="3"/>
        <line num="46" type="stmt" count="3"/>
        <line num="47" type="stmt" count="1"/>
        <line num="48" type="stmt" count="1"/>
        <line num="49" type="stmt" count="3"/>
        <line num="50" type="stmt" count="3"/>
        <line num="51" type="stmt" count="3"/>
        <line num="53" type="stmt" count="3"/>
        <metrics loc="56" ncloc="41" classes="1" methods="1" coveredmethods="0" conditionals="0" coveredconditionals="0" statements="24" coveredstatements="22" elements="25" coveredelements="22"/>
      </file>
      <file name="C:\!work\!framework\my_packages\http\src\Http/Server/Server.php">
        <class name="Server" namespace="Kemist\Http\Server" fullPackage="Kemist" package="Kemist">
          <metrics methods="9" coveredmethods="9" conditionals="0" coveredconditionals="0" statements="27" coveredstatements="27" elements="36" coveredelements="36"/>
        </class>
        <line num="38" type="method" name="__construct" crap="2" count="9"/>
        <line num="39" type="stmt" count="9"/>
        <line num="40" type="stmt" count="6"/>
        <line num="41" type="stmt" count="6"/>
        <line num="42" type="stmt" count="9"/>
        <line num="43" type="stmt" count="9"/>
        <line num="44" type="stmt" count="9"/>
        <line num="51" type="method" name="appendMiddleware" crap="2" count="7"/>
        <line num="52" type="stmt" count="7"/>
        <line num="53" type="stmt" count="1"/>
        <line num="55" type="stmt" count="6"/>
        <line num="56" type="stmt" count="6"/>
        <line num="63" type="method" name="prependMiddleware" crap="2" count="2"/>
        <line num="64" type="stmt" count="2"/>
        <line num="65" type="stmt" count="1"/>
        <line num="67" type="stmt" count="1"/>
        <line num="68" type="stmt" count="1"/>
        <line num="76" type="method" name="listen" crap="2" count="6"/>
        <line num="77" type="stmt" count="6"/>
        <line num="78" type="stmt" count="3"/>
        <line num="79" type="stmt" count="3"/>
        <line num="82" type="stmt" count="6"/>
        <line num="83" type="stmt" count="6"/>
        <line num="85" type="stmt" count="6"/>
        <line num="93" type="method" name="_getMiddlewareCaller" crap="1" count="6"/>
        <line num="94" type="stmt" count="6"/>
        <line num="96" type="method" name="anonymous function" crap="1" count="6"/>
        <line num="97" type="stmt" count="6"/>
        <line num="98" type="stmt" count="6"/>
        <line num="99" type="stmt" count="6"/>
        <line num="105" type="method" name="stopPropagation" crap="1" count="4"/>
        <line num="106" type="stmt" count="4"/>
        <line num="107" type="stmt" count="4"/>
        <line num="114" type="method" name="isPropagationStopped" crap="1" count="6"/>
        <line num="115" type="stmt" count="6"/>
        <line num="123" type="method" name="getRequest" crap="1" count="1"/>
        <line num="124" type="stmt" count="1"/>
        <metrics loc="127" ncloc="68" classes="1" methods="9" coveredmethods="9" conditionals="0" coveredconditionals="0" statements="28" coveredstatements="28" elements="37" coveredelements="37"/>
      </file>
      <file name="C:\!work\!framework\my_packages\http\src\Http/Server/ServerRequest.php">
        <class name="ServerRequest" namespace="Kemist\Http\Server" fullPackage="Kemist" package="Kemist">
          <metrics methods="21" coveredmethods="19" conditionals="0" coveredconditionals="0" statements="153" coveredstatements="140" elements="174" coveredelements="159"/>
        </class>
        <line num="68" type="method" name="__construct" crap="9" count="30"/>
        <line num="69" type="stmt" count="30"/>
        <line num="70" type="stmt" count="30"/>
        <line num="71" type="stmt" count="30"/>
        <line num="72" type="stmt" count="30"/>
        <line num="73" type="stmt" count="30"/>
        <line num="74" type="stmt" count="30"/>
        <line num="75" type="stmt" count="25"/>
        <line num="76" type="stmt" count="25"/>
        <line num="77" type="stmt" count="30"/>
        <line num="78" type="stmt" count="20"/>
        <line num="79" type="stmt" count="15"/>
        <line num="80" type="stmt" count="15"/>
        <line num="81" type="stmt" count="20"/>
        <line num="82" type="stmt" count="15"/>
        <line num="83" type="stmt" count="15"/>
        <line num="84" type="stmt" count="20"/>
        <line num="85" type="stmt" count="10"/>
        <line num="86" type="stmt" count="9"/>
        <line num="87" type="stmt" count="9"/>
        <line num="88" type="stmt" count="10"/>
        <line num="89" type="stmt" count="7"/>
        <line num="90" type="stmt" count="7"/>
        <line num="93" type="stmt" count="30"/>
        <line num="94" type="stmt" count="30"/>
        <line num="95" type="stmt" count="30"/>
        <line num="96" type="stmt" count="30"/>
        <line num="103" type="method" name="_extractUri" crap="6" count="15"/>
        <line num="104" type="stmt" count="15"/>
        <line num="105" type="stmt" count="15"/>
        <line num="106" type="stmt" count="1"/>
        <line num="107" type="stmt" count="1"/>
        <line num="108" type="stmt" count="15"/>
        <line num="109" type="stmt" count="1"/>
        <line num="110" type="stmt" count="1"/>
        <line num="111" type="stmt" count="15"/>
        <line num="112" type="stmt" count="1"/>
        <line num="113" type="stmt" count="1"/>
        <line num="114" type="stmt" count="15"/>
        <line num="115" type="stmt" count="1"/>
        <line num="116" type="stmt" count="1"/>
        <line num="117" type="stmt" count="1"/>
        <line num="118" type="stmt" count="1"/>
        <line num="119" type="stmt" count="1"/>
        <line num="120" type="stmt" count="1"/>
        <line num="121" type="stmt" count="15"/>
        <line num="127" type="method" name="_extractHeadersFromServerParams" crap="4" count="30"/>
        <line num="128" type="stmt" count="30"/>
        <line num="129" type="stmt" count="30"/>
        <line num="130" type="stmt" count="20"/>
        <line num="131" type="stmt" count="7"/>
        <line num="132" type="stmt" count="7"/>
        <line num="133" type="stmt" count="30"/>
        <line num="134" type="stmt" count="30"/>
        <line num="135" type="stmt" count="1"/>
        <line num="136" type="stmt" count="1"/>
        <line num="138" type="stmt" count="30"/>
        <line num="144" type="method" name="_extractCookiesHeader" crap="4" count="30"/>
        <line num="145" type="stmt" count="30"/>
        <line num="146" type="stmt" count="27"/>
        <line num="148" type="stmt" count="3"/>
        <line num="149" type="stmt" count="3"/>
        <line num="150" type="stmt" count="3"/>
        <line num="152" type="stmt" count="3"/>
        <line num="153" type="stmt" count="3"/>
        <line num="154" type="stmt" count="3"/>
        <line num="155" type="stmt" count="3"/>
        <line num="156" type="stmt" count="3"/>
        <line num="157" type="stmt" count="3"/>
        <line num="158" type="stmt" count="3"/>
        <line num="159" type="stmt" count="3"/>
        <line num="160" type="stmt" count="3"/>
        <line num="165" type="method" name="_extractQueryParams" crap="2" count="30"/>
        <line num="166" type="stmt" count="30"/>
        <line num="167" type="stmt" count="30"/>
        <line num="168" type="stmt" count="9"/>
        <line num="169" type="stmt" count="9"/>
        <line num="170" type="stmt" count="9"/>
        <line num="171" type="stmt" count="30"/>
        <line num="182" type="method" name="getServerParams" crap="1" count="3"/>
        <line num="183" type="stmt" count="3"/>
        <line num="196" type="method" name="getCookieParams" crap="1" count="3"/>
        <line num="197" type="stmt" count="3"/>
        <line num="214" type="method" name="withCookieParams" crap="1" count="1"/>
        <line num="215" type="stmt" count="1"/>
        <line num="216" type="stmt" count="1"/>
        <line num="217" type="stmt" count="1"/>
        <line num="232" type="method" name="getQueryParams" crap="1" count="3"/>
        <line num="233" type="stmt" count="3"/>
        <line num="258" type="method" name="withQueryParams" crap="1" count="1"/>
        <line num="259" type="stmt" count="1"/>
        <line num="260" type="stmt" count="1"/>
        <line num="261" type="stmt" count="1"/>
        <line num="276" type="method" name="getFileParams" crap="1" count="2"/>
        <line num="277" type="stmt" count="2"/>
        <line num="294" type="method" name="getParsedBody" crap="8" count="6"/>
        <line num="295" type="stmt" count="6"/>
        <line num="296" type="stmt" count="1"/>
        <line num="298" type="stmt" count="5"/>
        <line num="299" type="stmt" count="5"/>
        <line num="300" type="stmt" count="5"/>
        <line num="301" type="stmt" count="5"/>
        <line num="302" type="stmt" count="1"/>
        <line num="303" type="stmt" count="1"/>
        <line num="304" type="stmt" count="1"/>
        <line num="307" type="stmt" count="5"/>
        <line num="308" type="stmt" count="2"/>
        <line num="309" type="stmt" count="2"/>
        <line num="310" type="stmt" count="1"/>
        <line num="311" type="stmt" count="3"/>
        <line num="312" type="stmt" count="3"/>
        <line num="313" type="stmt" count="1"/>
        <line num="314" type="stmt" count="1"/>
        <line num="315" type="stmt" count="2"/>
        <line num="316" type="stmt" count="2"/>
        <line num="317" type="stmt" count="2"/>
        <line num="318" type="stmt" count="2"/>
        <line num="319" type="stmt" count="0"/>
        <line num="320" type="stmt" count="4"/>
        <line num="329" type="method" name="_detectJsonError" crap="13.12" count="2"/>
        <line num="330" type="stmt" count="2"/>
        <line num="331" type="stmt" count="2"/>
        <line num="332" type="stmt" count="2"/>
        <line num="333" type="stmt" count="1"/>
        <line num="334" type="stmt" count="1"/>
        <line num="335" type="stmt" count="0"/>
        <line num="336" type="stmt" count="0"/>
        <line num="337" type="stmt" count="1"/>
        <line num="338" type="stmt" count="0"/>
        <line num="339" type="stmt" count="0"/>
        <line num="340" type="stmt" count="1"/>
        <line num="341" type="stmt" count="0"/>
        <line num="342" type="stmt" count="0"/>
        <line num="343" type="stmt" count="1"/>
        <line num="344" type="stmt" count="1"/>
        <line num="345" type="stmt" count="1"/>
        <line num="346" type="stmt" count="0"/>
        <line num="347" type="stmt" count="0"/>
        <line num="348" type="stmt" count="0"/>
        <line num="349" type="stmt" count="0"/>
        <line num="350" type="stmt" count="0"/>
        <line num="351" type="stmt" count="0"/>
        <line num="352" type="stmt" count="1"/>
        <line num="353" type="stmt" count="1"/>
        <line num="382" type="method" name="withParsedBody" crap="1" count="1"/>
        <line num="383" type="stmt" count="1"/>
        <line num="384" type="stmt" count="1"/>
        <line num="385" type="stmt" count="1"/>
        <line num="399" type="method" name="getAttributes" crap="1" count="1"/>
        <line num="400" type="stmt" count="1"/>
        <line num="418" type="method" name="getAttribute" crap="2" count="3"/>
        <line num="419" type="stmt" count="3"/>
        <line num="437" type="method" name="withAttribute" crap="1" count="2"/>
        <line num="438" type="stmt" count="2"/>
        <line num="439" type="stmt" count="2"/>
        <line num="440" type="stmt" count="2"/>
        <line num="458" type="method" name="withoutAttribute" crap="2" count="1"/>
        <line num="459" type="stmt" count="1"/>
        <line num="460" type="stmt" count="1"/>
        <line num="461" type="stmt" count="1"/>
        <line num="462" type="stmt" count="1"/>
        <line num="463" type="stmt" count="1"/>
        <line num="469" type="method" name="createFromGlobals" crap="1" count="7"/>
        <line num="470" type="stmt" count="7"/>
        <line num="479" type="method" name="withHeader" crap="2" count="2"/>
        <line num="480" type="stmt" count="2"/>
        <line num="481" type="stmt" count="2"/>
        <line num="482" type="stmt" count="1"/>
        <line num="483" type="stmt" count="1"/>
        <line num="484" type="stmt" count="2"/>
        <line num="492" type="method" name="withUri" crap="1" count="1"/>
        <line num="493" type="stmt" count="1"/>
        <line num="494" type="stmt" count="1"/>
        <line num="495" type="stmt" count="1"/>
        <metrics loc="498" ncloc="247" classes="1" methods="21" coveredmethods="19" conditionals="0" coveredconditionals="0" statements="153" coveredstatements="140" elements="174" coveredelements="159"/>
      </file>
      <file name="C:\!work\!framework\my_packages\http\src\Http/Server/ServerResponse.php">
        <class name="ServerResponse" namespace="Kemist\Http\Server" fullPackage="Kemist" package="Kemist">
          <metrics methods="4" coveredmethods="4" conditionals="0" coveredconditionals="0" statements="8" coveredstatements="8" elements="12" coveredelements="12"/>
        </class>
        <line num="20" type="method" name="send" crap="1" count="1"/>
        <line num="21" type="stmt" count="1"/>
        <line num="22" type="stmt" count="1"/>
        <line num="23" type="stmt" count="1"/>
        <line num="28" type="method" name="sendHeaders" crap="5" count="1"/>
        <line num="46" type="stmt" count="1"/>
        <line num="51" type="method" name="sendBody" crap="1" count="2"/>
        <line num="52" type="stmt" count="2"/>
        <line num="53" type="stmt" count="2"/>
        <line num="60" type="method" name="__toString" crap="1" count="1"/>
        <line num="61" type="stmt" count="1"/>
        <line num="62" type="stmt" count="1"/>
        <metrics loc="65" ncloc="39" classes="1" methods="4" coveredmethods="4" conditionals="0" coveredconditionals="0" statements="8" coveredstatements="8" elements="12" coveredelements="12"/>
      </file>
    </package>
    <package name="Kemist\Http\Stream">
      <file name="C:\!work\!framework\my_packages\http\src\Http/Stream/InputStream.php">
        <class name="InputStream" namespace="Kemist\Http\Stream" fullPackage="Kemist" package="Kemist">
          <metrics methods="4" coveredmethods="4" conditionals="0" coveredconditionals="0" statements="18" coveredstatements="18" elements="22" coveredelements="22"/>
        </class>
        <line num="33" type="method" name="__construct" crap="1" count="30"/>
        <line num="34" type="stmt" count="30"/>
        <line num="35" type="stmt" count="30"/>
        <line num="42" type="method" name="getContents" crap="2" count="3"/>
        <line num="43" type="stmt" count="3"/>
        <line num="44" type="stmt" count="3"/>
        <line num="45" type="stmt" count="3"/>
        <line num="46" type="stmt" count="3"/>
        <line num="47" type="stmt" count="3"/>
        <line num="55" type="method" name="__toString" crap="2" count="2"/>
        <line num="56" type="stmt" count="2"/>
        <line num="57" type="stmt" count="1"/>
        <line num="60" type="stmt" count="2"/>
        <line num="69" type="method" name="read" crap="3" count="2"/>
        <line num="70" type="stmt" count="2"/>
        <line num="71" type="stmt" count="1"/>
        <line num="73" type="stmt" count="2"/>
        <line num="74" type="stmt" count="2"/>
        <line num="76" type="stmt" count="2"/>
        <line num="77" type="stmt" count="2"/>
        <line num="78" type="stmt" count="2"/>
        <line num="80" type="stmt" count="2"/>
        <metrics loc="83" ncloc="45" classes="1" methods="4" coveredmethods="4" conditionals="0" coveredconditionals="0" statements="18" coveredstatements="18" elements="22" coveredelements="22"/>
      </file>
      <file name="C:\!work\!framework\my_packages\http\src\Http/Stream/Stream.php">
        <class name="Stream" namespace="Kemist\Http\Stream" fullPackage="Kemist" package="Kemist">
          <metrics methods="24" coveredmethods="22" conditionals="0" coveredconditionals="0" statements="76" coveredstatements="74" elements="100" coveredelements="96"/>
        </class>
        <line num="31" type="method" name="__construct" crap="6" count="121"/>
        <line num="32" type="stmt" count="121"/>
        <line num="33" type="stmt" count="8"/>
        <line num="34" type="stmt" count="121"/>
        <line num="35" type="stmt" count="121"/>
        <line num="36" type="stmt" count="121"/>
        <line num="37" type="stmt" count="121"/>
        <line num="38" type="stmt" count="1"/>
        <line num="39" type="stmt" count="1"/>
        <line num="41" type="stmt" count="121"/>
        <line num="42" type="stmt" count="121"/>
        <line num="43" type="stmt" count="1"/>
        <line num="45" type="stmt" count="121"/>
        <line num="50" type="method" name="__destruct" crap="1" count="65"/>
        <line num="51" type="stmt" count="65"/>
        <line num="52" type="stmt" count="65"/>
        <line num="59" type="method" name="isValid" crap="2" count="85"/>
        <line num="60" type="stmt" count="85"/>
        <line num="73" type="method" name="__toString" crap="1" count="13"/>
        <line num="74" type="stmt" count="13"/>
        <line num="75" type="stmt" count="13"/>
        <line num="83" type="method" name="close" crap="2" count="74"/>
        <line num="84" type="stmt" count="74"/>
        <line num="85" type="stmt" count="6"/>
        <line num="87" type="stmt" count="74"/>
        <line num="88" type="stmt" count="74"/>
        <line num="89" type="stmt" count="74"/>
        <line num="98" type="method" name="detach" crap="1" count="74"/>
        <line num="99" type="stmt" count="74"/>
        <line num="100" type="stmt" count="74"/>
        <line num="101" type="stmt" count="74"/>
        <line num="109" type="method" name="getSize" crap="1" count="1"/>
        <line num="110" type="stmt" count="1"/>
        <line num="118" type="method" name="tell" crap="2" count="2"/>
        <line num="119" type="stmt" count="2"/>
        <line num="120" type="stmt" count="1"/>
        <line num="122" type="stmt" count="1"/>
        <line num="130" type="method" name="eof" crap="2" count="7"/>
        <line num="131" type="stmt" count="7"/>
        <line num="132" type="stmt" count="1"/>
        <line num="134" type="stmt" count="6"/>
        <line num="142" type="method" name="isSeekable" crap="1" count="23"/>
        <line num="143" type="stmt" count="23"/>
        <line num="158" type="method" name="seek" crap="2" count="23"/>
        <line num="159" type="stmt" count="23"/>
        <line num="160" type="stmt" count="1"/>
        <line num="162" type="stmt" count="22"/>
        <line num="163" type="stmt" count="22"/>
        <line num="177" type="method" name="rewind" crap="1" count="22"/>
        <line num="178" type="stmt" count="22"/>
        <line num="186" type="method" name="isWritable" crap="3" count="1"/>
        <line num="187" type="stmt" count="1"/>
        <line num="188" type="stmt" count="1"/>
        <line num="198" type="method" name="write" crap="2" count="23"/>
        <line num="199" type="stmt" count="23"/>
        <line num="200" type="stmt" count="1"/>
        <line num="202" type="stmt" count="22"/>
        <line num="210" type="method" name="isReadable" crap="3" count="23"/>
        <line num="211" type="stmt" count="23"/>
        <line num="212" type="stmt" count="23"/>
        <line num="224" type="method" name="read" crap="4" count="5"/>
        <line num="225" type="stmt" count="5"/>
        <line num="226" type="stmt" count="1"/>
        <line num="228" type="stmt" count="4"/>
        <line num="229" type="stmt" count="1"/>
        <line num="231" type="stmt" count="3"/>
        <line num="239" type="method" name="readLine" crap="4" count="3"/>
        <line num="240" type="stmt" count="3"/>
        <line num="241" type="stmt" count="1"/>
        <line num="243" type="stmt" count="2"/>
        <line num="244" type="stmt" count="1"/>
        <line num="246" type="stmt" count="1"/>
        <line num="254" type="method" name="getContents" crap="2" count="19"/>
        <line num="255" type="stmt" count="19"/>
        <line num="256" type="stmt" count="1"/>
        <line num="258" type="stmt" count="18"/>
        <line num="273" type="method" name="getMetadata" crap="4" count="30"/>
        <line num="274" type="stmt" count="30"/>
        <line num="275" type="stmt" count="2"/>
        <line num="277" type="stmt" count="28"/>
        <line num="278" type="stmt" count="1"/>
        <line num="280" type="stmt" count="27"/>
        <line num="281" type="stmt" count="27"/>
        <line num="282" type="stmt" count="1"/>
        <line num="284" type="stmt" count="26"/>
        <line num="291" type="method" name="getResource" crap="1" count="8"/>
        <line num="292" type="stmt" count="8"/>
        <line num="304" type="method" name="copy" crap="3" count="2"/>
        <line num="305" type="stmt" count="2"/>
        <line num="306" type="stmt" count="1"/>
        <line num="308" type="stmt" count="1"/>
        <line num="316" type="method" name="output" crap="2" count="4"/>
        <line num="317" type="stmt" count="4"/>
        <line num="318" type="stmt" count="1"/>
        <line num="320" type="stmt" count="3"/>
        <line num="321" type="stmt" count="3"/>
        <line num="333" type="method" name="appendFilter" crap="2" count="0"/>
        <line num="334" type="stmt" count="0"/>
        <line num="346" type="method" name="prependFilter" crap="2" count="0"/>
        <line num="347" type="stmt" count="0"/>
        <metrics loc="350" ncloc="173" classes="1" methods="24" coveredmethods="22" conditionals="0" coveredconditionals="0" statements="76" coveredstatements="74" elements="100" coveredelements="96"/>
      </file>
      <file name="C:\!work\!framework\my_packages\http\src\Http/Stream/StringStream.php">
        <class name="StringStream" namespace="Kemist\Http\Stream" fullPackage="Kemist" package="Kemist">
          <metrics methods="1" coveredmethods="0" conditionals="0" coveredconditionals="0" statements="5" coveredstatements="4" elements="6" coveredelements="4"/>
        </class>
        <line num="23" type="method" name="__construct" crap="2.03" count="10"/>
        <line num="24" type="stmt" count="10"/>
        <line num="25" type="stmt" count="0"/>
        <line num="27" type="stmt" count="10"/>
        <line num="28" type="stmt" count="10"/>
        <line num="29" type="stmt" count="10"/>
        <metrics loc="30" ncloc="14" classes="1" methods="1" coveredmethods="0" conditionals="0" coveredconditionals="0" statements="5" coveredstatements="4" elements="6" coveredelements="4"/>
      </file>
    </package>
    <metrics files="13" loc="2729" ncloc="1356" classes="13" methods="130" coveredmethods="118" conditionals="0" coveredconditionals="0" statements="632" coveredstatements="603" elements="762" coveredelements="721"/>
  </project>
</coverage>
